build/app/outputs/mapping/release/seeds.txt
app.hoofzyflutter.MainActivity
app.hoofzyflutter.MainActivity: MainActivity()
...
io.flutter.embedding.engine.mutatorsstack.FlutterMutatorView: android.graphics.Matrix getPlatformViewMatrix()
com.google.android.gms.measurement.AppMeasurement: com.google.android.gms.measurement.AppMeasurement getInstance(android.content.Context)
io.flutter.embedding.engine.FlutterJNI: void ensureRunningOnMainThread()
com.google.firestore.v1.Write$OperationCase: com.google.firestore.v1.Write$OperationCase[] values()
io.grpc.internal.MessageDeframer$State: io.grpc.internal.MessageDeframer$State valueOf(java.lang.String)
com.google.android.gms.ads.nativead.NativeAdView: void setAdvertiserView(android.view.View)
androidx.window.layout.WindowMetricsCalculator$-CC: androidx.window.layout.WindowMetricsCalculator getOrCreate()
io.flutter.embedding.android.FlutterSplashView$SavedState: android.os.Bundle access$700(io.flutter.embedding.android.FlutterSplashView$SavedState)
androidx.work.OutOfQuotaPolicy: androidx.work.OutOfQuotaPolicy[] values()
io.grpc.okhttp.internal.framed.ErrorCode: io.grpc.okhttp.internal.framed.ErrorCode valueOf(java.lang.String)
com.dexterous.flutterlocalnotifications.models.BitmapSource: BitmapSource(java.lang.String,int)
androidx.window.layout.DisplayCompatHelperApi17: DisplayCompatHelperApi17()
androidx.window.embedding.EmbeddingBackend: void registerSplitListenerForActivity(android.app.Activity,java.util.concurrent.Executor,androidx.core.util.Consumer)
kotlin.coroutines.jvm.internal.BaseContinuationImpl: java.lang.String toString()
io.flutter.plugins.firebase.core.FlutterFirebasePlugin: com.google.android.gms.tasks.Task didReinitializeFirebaseCore()
com.google.android.gms.ads.internal.ClientApi: ClientApi()
io.flutter.view.AccessibilityViewEmbedder: void setFlutterNodeParent(android.view.accessibility.AccessibilityNodeInfo,android.view.View,android.view.accessibility.AccessibilityNodeInfo)
com.google.android.datatransport.runtime.scheduling.jobscheduling.JobInfoSchedulerService: JobInfoSchedulerService()
androidx.window.layout.SidecarWindowBackend$ExtensionListenerImpl: void onWindowLayoutChanged(android.app.Activity,androidx.window.layout.WindowLayoutInfo)
com.dexterous.flutterlocalnotifications.FlutterLocalNotificationsPlugin: void cancelAllNotifications(io.flutter.plugin.common.MethodChannel$Result)
com.google.firebase.firestore.core.OrderBy$Direction: com.google.firebase.firestore.core.OrderBy$Direction valueOf(java.lang.String)
io.flutter.embedding.engine.FlutterJNI: void nativeRunBundleAndSnapshotFromLibrary(long,java.lang.String,java.lang.String,java.lang.String,android.content.res.AssetManager,java.util.List)
androidx.work.ExistingWorkPolicy: androidx.work.ExistingWorkPolicy[] values()
com.google.firebase.firestore.model.MutableDocument$DocumentState: com.google.firebase.firestore.model.MutableDocument$DocumentState[] values()
androidx.window.embedding.EmbeddingAdapter: boolean translateIntentPredicates$lambda-8(java.util.Set,android.content.Intent)
com.dexterous.flutterlocalnotifications.FlutterLocalNotificationsPlugin: android.app.AlarmManager getAlarmManager(android.content.Context)
com.google.android.gms.measurement.internal.AppMeasurementDynamiteService: void getGmpAppId(com.google.android.gms.internal.measurement.zzcf)
io.flutter.plugins.firebase.firestore.FlutterFirebaseFirestoreRegistrar: java.util.List getComponents()
androidx.window.layout.SidecarCompat$Companion: SidecarCompat$Companion()
androidx.window.layout.WindowLayoutInfo: boolean equals(java.lang.Object)
androidx.work.impl.WorkDatabase: WorkDatabase()
com.google.android.gms.ads.mediation.rtb.RtbAdapter: RtbAdapter()
io.flutter.embedding.engine.renderer.FlutterRenderer$DisplayFeatureState: io.flutter.embedding.engine.renderer.FlutterRenderer$DisplayFeatureState valueOf(java.lang.String)
okhttp3.Protocol: okhttp3.Protocol valueOf(java.lang.String)
io.flutter.embedding.engine.systemchannels.PlatformChannel$DeviceOrientation: io.flutter.embedding.engine.systemchannels.PlatformChannel$DeviceOrientation[] values()