build/app/outputs/mapping/release/usage.txt
app.hoofzyflutter.BuildConfig
app.hoofzyflutter.R$attr
app.hoofzyflutter.R$bool
app.hoofzyflutter.R$color
app.hoofzyflutter.R$dimen
app.hoofzyflutter.R$drawable
app.hoofzyflutter.R$id
app.hoofzyflutter.R$integer
app.hoofzyflutter.R$layout
app.hoofzyflutter.R$mipmap
app.hoofzyflutter.R$raw
app.hoofzyflutter.R$string
app.hoofzyflutter.R$style
app.hoofzyflutter.R$styleable
app.hoofzyflutter.R$xml
app.hoofzyflutter.R
...
com.squareup.picasso.R
com.squareup.picasso.RemoteViewsAction$AppWidgetAction
com.squareup.picasso.RemoteViewsAction$NotificationAction
com.squareup.picasso.RemoteViewsAction$RemoteViewsTarget
com.squareup.picasso.RemoteViewsAction
com.squareup.picasso.Request$Builder:
    public void <init>(int)
    public void <init>(android.net.Uri)
    private void <init>(com.squareup.picasso.Request)
    synthetic void <init>(com.squareup.picasso.Request,com.squareup.picasso.Request$1)
    public com.squareup.picasso.Request$Builder centerCrop()
    public com.squareup.picasso.Request$Builder centerCrop(int)
    public com.squareup.picasso.Request$Builder centerInside()
    public com.squareup.picasso.Request$Builder clearCenterCrop()
    public com.squareup.picasso.Request$Builder clearCenterInside()
    public com.squareup.picasso.Request$Builder clearOnlyScaleDown()
    public com.squareup.picasso.Request$Builder clearResize()
    public com.squareup.picasso.Request$Builder clearRotation()
    public com.squareup.picasso.Request$Builder config(android.graphics.Bitmap$Config)
    boolean hasPriority()
    public com.squareup.picasso.Request$Builder onlyScaleDown()
    public com.squareup.picasso.Request$Builder priority(com.squareup.picasso.Picasso$Priority)
    public com.squareup.picasso.Request$Builder purgeable()
    public com.squareup.picasso.Request$Builder rotate(float)
    public com.squareup.picasso.Request$Builder rotate(float,float,float)
    public com.squareup.picasso.Request$Builder setResourceId(int)
    public com.squareup.picasso.Request$Builder setUri(android.net.Uri)
    public com.squareup.picasso.Request$Builder stableKey(java.lang.String)
com.squareup.picasso.Request:
    public com.squareup.picasso.Request$Builder buildUpon()
com.squareup.picasso.RequestCreator:
    void <init>()
    public com.squareup.picasso.RequestCreator centerCrop()
    public com.squareup.picasso.RequestCreator centerCrop(int)
    public com.squareup.picasso.RequestCreator centerInside()
    public com.squareup.picasso.RequestCreator config(android.graphics.Bitmap$Config)
    public com.squareup.picasso.RequestCreator error(int)
    public com.squareup.picasso.RequestCreator error(android.graphics.drawable.Drawable)
    public void fetch()
    public void fetch(com.squareup.picasso.Callback)
    public com.squareup.picasso.RequestCreator fit()
    public android.graphics.Bitmap get()
    java.lang.Object getTag()
    public void into(android.widget.ImageView)
    public void into(android.widget.RemoteViews,int,int,android.app.Notification)
    public void into(android.widget.RemoteViews,int,int,android.app.Notification,java.lang.String)
    public void into(android.widget.RemoteViews,int,int,android.app.Notification,java.lang.String,com.squareup.picasso.Callback)
    public void into(android.widget.RemoteViews,int,int[])
    public void into(android.widget.RemoteViews,int,int[],com.squareup.picasso.Callback)
    public varargs com.squareup.picasso.RequestCreator memoryPolicy(com.squareup.picasso.MemoryPolicy,com.squareup.picasso.MemoryPolicy[])
    public varargs com.squareup.picasso.RequestCreator networkPolicy(com.squareup.picasso.NetworkPolicy,com.squareup.picasso.NetworkPolicy[])
com.squareup.picasso.Stats:
    private static final int BITMAP_DECODE_FINISHED
    private static final int BITMAP_TRANSFORMED_FINISHED
    private static final int CACHE_HIT
    private static final int CACHE_MISS
    private static final int DOWNLOAD_FINISHED
    private static final java.lang.String STATS_THREAD_NAME
    void shutdown()
com.squareup.picasso.StatsSnapshot:
    public void dump()